<?xml version="1.0" encoding="UTF-8"?>
<testsuite xmlns:xsi="http://www.w3.org/2001/XMLSchema-instance" xsi:noNamespaceSchemaLocation="https://maven.apache.org/surefire/maven-surefire-plugin/xsd/surefire-test-report-3.0.xsd" version="3.0" name="TestSuite" time="11.812" tests="3" errors="0" skipped="0" failures="1">
  <properties>
[...]
</properties>
  <testcase name="runScenario[&quot;Search Experience for product search in both home and Offers page&quot;, &quot;Optional[Place the order for Products]&quot;](1)" classname="cucumberOptions.TestNGTestRunner" time="8.574">
    <system-out><![CDATA[30
30
30
null is extracted from Home page
null is extracted from Home page
null is extracted from Home page
Brocolli - 1 Kg
Cauliflower - 1 Kg
Cucumber - 1 Kg
Beetroot - 1 Kg
Carrot - 1 Kg
Tomato - 1 Kg
Beans - 1 Kg
Brinjal - 1 Kg
Capsicum
Mushroom - 1 Kg
Potato - 1 Kg
Pumpkin - 1 Kg
Corn - 1 Kg
Onion - 1 Kg
Apple - 1 Kg
Banana - 1 Kg
Grapes - 1 Kg
Mango - 1 Kg
Musk Melon - 1 Kg
Orange - 1 Kg
Pears - 1 Kg
Pomegranate - 1 Kg
Raspberry - 1/4 Kg
Strawberry - 1/4 Kg
Water Melon - 1 Kg
Almonds - 1/4 Kg
Pista - 1/4 Kg
Nuts Mixture - 1 Kg
Cashews - 1 Kg
Walnuts - 1/4 Kg
]]></system-out>
    <system-err><![CDATA[SLF4J: Failed to load class "org.slf4j.impl.StaticLoggerBinder".
SLF4J: Defaulting to no-operation (NOP) logger implementation
SLF4J: See http://www.slf4j.org/codes.html#StaticLoggerBinder for further details.
SSStttaaarrrtttiiinnnggg  CCh hrComrehoDrrmoimveeeDr rDi1r0vi3e.rv 0e.1r05 3016.000..355.030 .(65a00176101..8551331  e((ddaa711477f11f1118c81f12111ee50ddfdd377644fffffaf131cbfc02f2d115a50e0f4f3036b6f1fff7aaf33-bbr00eddafase/be440r0abbn11c7h7f-f-hreeaf-dsrs/e/bf5rs0a/6nb0rc@ha{n-#ch8he5-3ah}de)ad s/o50n6 pso/r5t006@ 0{6#@38{2#55386}5
3)O} nl)oy n  olpno ocrpatol r 5tc2 o75n4n1e03c
2Ot7ni
loOynn sll yoa crlae loac lcalolon wnceoednc.
ntPeilocetnasiso ena srs eea ear lehl toatwplesl:do./w
/Pecldhe.r
aosPmleeead rsisveeee r s.chtethpesr: /oh/mitcuthmr.poorgmedrisve/r:s/.e/ccchhurorrmoiitmuemyd-.rcoiorvnge/sirsd.eeccrhuarrtioimtoiynu-scm o.fnoorsrgi d/sseuregacgtueirsiotntiyso- ncfsoo rno snis dukgeegreaeptsiitniogonns s C fhoorrno  mkseeuDegrpgiievsnegtri  Cosnhasrfo meoe.nD
 rkievCeehrpr iosnmagef DeCrh.ir
voemrCe hDwrraiosmv eesrDt rasirvatefeerd . 
wsausCc hcrseotsmaserfDturelidlv yse.ru
c cwaesss fsulltarted successfully.
y.
Aug 07, 2022 12:54:53 PM org.openqa.selenium.remote.ProtocolHandshake createSession
INFO: Detected dialect: W3C
Aug 07, 2022 12:54:53 PM org.openqa.selenium.remote.ProtocolHandshake createSession
INFO: Detected dialect: W3C
Aug 07, 2022 12:54:54 PM org.openqa.selenium.devtools.CdpVersionFinder findNearestMatch
WARNING: Unable to find an exact match for CDP version 103, so returning the closest version found: a no-op implementation
Aug 07, 2022 12:54:54 PM org.openqa.selenium.devtools.CdpVersionFinder findNearestMatch
WARNING: Unable to find an exact match for CDP version 103, so returning the closest version found: a no-op implementation
Aug 07, 2022 12:54:54 PM org.openqa.selenium.devtools.CdpVersionFinder findNearestMatch
INFO: Unable to find CDP implementation matching 103.
Aug 07, 2022 12:54:54 PM org.openqa.selenium.devtools.CdpVersionFinder findNearestMatch
INFO: Unable to find CDP implementation matching 103.
Aug 07, 2022 12:54:54 PM org.openqa.selenium.chromium.ChromiumDriver lambda$new$3
WARNING: Unable to find version of CDP to use for . You may need to include a dependency on a specific version of the CDP using something similar to `org.seleniumhq.selenium:selenium-devtools-v86:4.1.1` where the version ("v86") matches the version of the chromium-based browser you're using and the version number of the artifact is the same as Selenium's.
Aug 07, 2022 12:54:54 PM org.openqa.selenium.chromium.ChromiumDriver lambda$new$3
WARNING: Unable to find version of CDP to use for . You may need to include a dependency on a specific version of the CDP using something similar to `org.seleniumhq.selenium:selenium-devtools-v86:4.1.1` where the version ("v86") matches the version of the chromium-based browser you're using and the version number of the artifact is the same as Selenium's.
Aug 07, 2022 12:54:54 PM org.openqa.selenium.remote.ProtocolHandshake createSession
INFO: Detected dialect: W3C
Aug 07, 2022 12:54:54 PM org.openqa.selenium.devtools.CdpVersionFinder findNearestMatch
WARNING: Unable to find an exact match for CDP version 103, so returning the closest version found: a no-op implementation
Aug 07, 2022 12:54:54 PM org.openqa.selenium.devtools.CdpVersionFinder findNearestMatch
INFO: Unable to find CDP implementation matching 103.
Aug 07, 2022 12:54:54 PM org.openqa.selenium.chromium.ChromiumDriver lambda$new$3
WARNING: Unable to find version of CDP to use for . You may need to include a dependency on a specific version of the CDP using something similar to `org.seleniumhq.selenium:selenium-devtools-v86:4.1.1` where the version ("v86") matches the version of the chromium-based browser you're using and the version number of the artifact is the same as Selenium's.
]]></system-err>
  </testcase>
  <testcase name="runScenario[&quot;Search Experience for product search in both home and Offers page&quot;, &quot;Optional[Search and Place the order for Products]&quot;](2)" classname="cucumberOptions.TestNGTestRunner" time="10.134">
    <system-out><![CDATA[Brocolli - 1 Kg
Cauliflower - 1 Kg
Cucumber - 1 Kg
Beetroot - 1 Kg
Carrot - 1 Kg
Tomato - 1 Kg
Beans - 1 Kg
Brinjal - 1 Kg
Capsicum
Mushroom - 1 Kg
Potato - 1 Kg
Pumpkin - 1 Kg
Corn - 1 Kg
Onion - 1 Kg
Apple - 1 Kg
Banana - 1 Kg
Grapes - 1 Kg
Mango - 1 Kg
Musk Melon - 1 Kg
Orange - 1 Kg
Pears - 1 Kg
Pomegranate - 1 Kg
Raspberry - 1/4 Kg
Strawberry - 1/4 Kg
Water Melon - 1 Kg
Almonds - 1/4 Kg
Pista - 1/4 Kg
Nuts Mixture - 1 Kg
Cashews - 1 Kg
Walnuts - 1/4 Kg
]]></system-out>
  </testcase>
  <testcase name="runScenario[&quot;Search Experience for product search in both home and Offers page&quot;, &quot;Optional[Search and Place the order for Products]&quot;](3)" classname="cucumberOptions.TestNGTestRunner" time="10.621">
    <failure message="expected [Beetroot] but found [No data]" type="java.lang.AssertionError"><![CDATA[java.lang.AssertionError: expected [Beetroot] but found [No data]
]]></failure>
    <system-out><![CDATA[13
7c4b38b0-d39e-483b-a1e5-f71504566884
Brocolli - 1 Kg
Cauliflower - 1 Kg
Cucumber - 1 Kg
Beetroot - 1 Kg
Carrot - 1 Kg
Tomato - 1 Kg
Beans - 1 Kg
Brinjal - 1 Kg
Capsicum
Mushroom - 1 Kg
Potato - 1 Kg
Pumpkin - 1 Kg
Corn - 1 Kg
Onion - 1 Kg
Apple - 1 Kg
Banana - 1 Kg
Grapes - 1 Kg
Mango - 1 Kg
Musk Melon - 1 Kg
Orange - 1 Kg
Pears - 1 Kg
Pomegranate - 1 Kg
Raspberry - 1/4 Kg
Strawberry - 1/4 Kg
Water Melon - 1 Kg
Almonds - 1/4 Kg
Pista - 1/4 Kg
Nuts Mixture - 1 Kg
Cashews - 1 Kg
Walnuts - 1/4 Kg
]]></system-out>
  </testcase>
</testsuite>