<?xml version="1.0" encoding="UTF-8"?>
<!-- Generated by org.testng.reporters.JUnitReportReporter -->
<testsuite hostname="Bharaths-MacBook-Pro.local" failures="1" tests="3" name="cucumberOptions.TestNGTestRunner" time="29.845" errors="0" timestamp="2022-08-06T23:47:54 CEST" skipped="0">
  <testcase classname="cucumberOptions.TestNGTestRunner" name="runScenario" time="10.679">
    <failure message="expected [Beetroot] but found [No data]" type="java.lang.AssertionError">
      <![CDATA[java.lang.AssertionError: expected [Beetroot] but found [No data]
at org.testng.Assert.fail(Assert.java:99)
at org.testng.Assert.failNotEquals(Assert.java:1037)
at org.testng.Assert.assertEqualsImpl(Assert.java:140)
at org.testng.Assert.assertEquals(Assert.java:122)
at org.testng.Assert.assertEquals(Assert.java:629)
at org.testng.Assert.assertEquals(Assert.java:639)
at stepDefinitions.OfferPageStepDefinition.validate_product_name_in_Offers_page(OfferPageStepDefinition.java:58)
at ✽.validate product name in offers page matches with Landing Page(file:///Users/bharathca/Downloads/CucumberFramework/src/test/java/features/searchProduct.feature:8)
]]>
    </failure>
  </testcase> <!-- runScenario -->
  <system-out/>
  <testcase classname="cucumberOptions.TestNGTestRunner" name="runScenario" time="8.797"/>
  <system-out/>
  <testcase classname="cucumberOptions.TestNGTestRunner" name="runScenario" time="10.369"/>
  <system-out/>
</testsuite> <!-- cucumberOptions.TestNGTestRunner -->
